d:\projects\perplex\proj.win32\debug.win32\cameraext.obj
d:\projects\perplex\proj.win32\debug.win32\gamelayer.obj
d:\projects\perplex\proj.win32\debug.win32\gamecontrollers.obj
d:\projects\perplex\proj.win32\debug.win32\player.obj
d:\projects\perplex\proj.win32\debug.win32\airplane.obj
d:\projects\perplex\proj.win32\debug.win32\fodderidle.obj
d:\projects\perplex\proj.win32\debug.win32\gameoverlayer.obj
d:\projects\perplex\proj.win32\debug.win32\weapon.obj
d:\projects\perplex\proj.win32\debug.win32\bullets.obj
d:\projects\perplex\proj.win32\debug.win32\mapmanager.obj
d:\projects\perplex\proj.win32\debug.win32\unit.obj
d:\projects\perplex\proj.win32\debug.win32\enemies.obj
d:\projects\perplex\proj.win32\debug.win32\gameentity.obj
d:\projects\perplex\proj.win32\debug.win32\loadingscene.obj
d:\projects\perplex\proj.win32\debug.win32\shadowcontroller.obj
d:\projects\perplex\proj.win32\debug.win32\xmap.obj
d:\projects\perplex\proj.win32\debug.win32\fodder.obj
d:\projects\perplex\proj.win32\debug.win32\mainmenuscene.obj
d:\projects\perplex\proj.win32\debug.win32\turret.obj
d:\projects\perplex\proj.win32\debug.win32\vc120.pdb
d:\projects\perplex\proj.win32\debug.win32\effect.obj
d:\projects\perplex\proj.win32\debug.win32\effectcounter.obj
d:\projects\perplex\proj.win32\debug.win32\loadmap.obj
d:\projects\perplex\proj.win32\debug.win32\trigger.obj
d:\projects\perplex\proj.win32\debug.win32\animationmanager.obj
d:\projects\perplex\proj.win32\debug.win32\effectdelay.obj
d:\projects\perplex\proj.win32\debug.win32\effectswitch.obj
d:\projects\perplex\proj.win32\debug.win32\licenselayer.obj
d:\projects\perplex\proj.win32\debug.win32\particlemanager.obj
d:\projects\perplex\proj.win32\debug.win32\rotatewithaction.obj
d:\projects\perplex\proj.win32\debug.win32\triggercounter.obj
d:\projects\perplex\proj.win32\debug.win32\explosion.obj
d:\projects\perplex\proj.win32\debug.win32\triggerswitch.obj
d:\projects\perplex\proj.win32\debug.win32\unitres.obj
d:\projects\perplex\proj.win32\debug.win32\canimationdata.obj
d:\projects\perplex\proj.win32\debug.win32\effectcameraa.obj
d:\projects\perplex\proj.win32\debug.win32\effects.obj
d:\projects\perplex\proj.win32\debug.win32\ifstream.obj
d:\projects\perplex\proj.win32\debug.win32\publicapi.obj
d:\projects\perplex\proj.win32\debug.win32\sprite3deffect.obj
d:\projects\perplex\proj.win32\debug.win32\weaponresmanager.obj
d:\projects\perplex\proj.win32\debug.win32\buildingresmanager.obj
d:\projects\perplex\proj.win32\debug.win32\weaponres.obj
d:\projects\perplex\proj.win32\debug.win32\effectchagnemap.obj
d:\projects\perplex\proj.win32\debug.win32\effectdialog.obj
d:\projects\perplex\proj.win32\debug.win32\effectcalculagraph.obj
d:\projects\perplex\proj.win32\debug.win32\effectunitproperty.obj
d:\projects\perplex\proj.win32\debug.win32\triggerunittorect.obj
d:\projects\perplex\proj.win32\debug.win32\effectunitexplode.obj
d:\projects\perplex\proj.win32\debug.win32\effectunitmovetype.obj
d:\projects\perplex\proj.win32\debug.win32\effectunitappear.obj
d:\projects\perplex\proj.win32\debug.win32\effectunitattack.obj
d:\projects\perplex\proj.win32\debug.win32\effectunitroad.obj
d:\projects\perplex\proj.win32\debug.win32\triggerunitproperty.obj
d:\projects\perplex\proj.win32\debug.win32\effectplayer.obj
d:\projects\perplex\proj.win32\debug.win32\building.obj
d:\projects\perplex\proj.win32\debug.win32\triggerbuildinghp.obj
d:\projects\perplex\proj.win32\debug.win32\effectbuildingexplode.obj
d:\projects\perplex\proj.win32\debug.win32\eventmanager.obj
d:\projects\perplex\proj.win32\debug.win32\unitresmanager.obj
d:\projects\perplex\proj.win32\debug.win32\gameeffectstate.obj
d:\projects\perplex\proj.win32\debug.win32\appdelegate.obj
d:\projects\perplex\proj.win32\debug.win32\tool.obj
d:\projects\perplex\proj.win32\debug.win32\shotlogic.obj
d:\projects\perplex\proj.win32\debug.win32\gamescene.obj
d:\projects\perplex\proj.win32\debug.win32\shotlogicmanager.obj
d:\projects\perplex\proj.win32\debug.win32\unitmanager.obj
d:\projects\perplex\proj.win32\debug.win32\eventunit.obj
d:\projects\perplex\proj.win32\debug.win32\main.obj
d:\projects\perplex\proj.win32\debug.win32\vc140.pdb
d:\projects\perplex\proj.win32\debug.win32\vc140.idb
d:\projects\perplex\proj.win32\debug.win32\perplex.ilk
d:\projects\perplex\proj.win32\debug.win32\perplex.exe
d:\projects\perplex\proj.win32\debug.win32\perplex.pdb
d:\projects\perplex\proj.win32\debug.win32\perplex.lib
d:\projects\perplex\proj.win32\debug.win32\perplex.exp
d:\projects\perplex\proj.win32\debug.win32\game.res
d:\projects\perplex\proj.win32\debug.win32\lordplane.exportjson
d:\projects\perplex\proj.win32\debug.win32\plane.exportjson
d:\projects\perplex\proj.win32\debug.win32\vc120.idb
d:\projects\perplex\proj.win32\debug.win32\perplex.tlog\cl.command.1.tlog
d:\projects\perplex\proj.win32\debug.win32\perplex.tlog\cl.read.1.tlog
d:\projects\perplex\proj.win32\debug.win32\perplex.tlog\cl.write.1.tlog
d:\projects\perplex\proj.win32\debug.win32\perplex.tlog\link.command.1.tlog
d:\projects\perplex\proj.win32\debug.win32\perplex.tlog\link.read.1.tlog
d:\projects\perplex\proj.win32\debug.win32\perplex.tlog\link.write.1.tlog
d:\projects\perplex\proj.win32\debug.win32\perplex.tlog\perplex.write.1u.tlog
d:\projects\perplex\proj.win32\debug.win32\perplex.tlog\rc.command.1.tlog
d:\projects\perplex\proj.win32\debug.win32\perplex.tlog\rc.read.1.tlog
d:\projects\perplex\proj.win32\debug.win32\perplex.tlog\rc.write.1.tlog
